DROP DATABASE
CREATE DATABASE
You are now connected to database "test_db" as user "postgres".
DROP ROLE
CREATE ROLE
ALTER DATABASE
You are now connected to database "test_db" as user "postgres".
CREATE SCHEMA
You are now connected to database "test_db" as user "postgres".
SET
DROP TABLE
DROP TABLE
CREATE TABLE
DROP TABLE
DROP TABLE
CREATE TABLE
DROP TABLE
DROP TABLE
CREATE TABLE
DROP TABLE
DROP TABLE
CREATE TABLE
CREATE FUNCTION
CREATE TRIGGER
CREATE TRIGGER
CREATE TRIGGER
CREATE TRIGGER
INSERT 0 1
INSERT 0 1
INSERT 0 1
